<?xml version="1.0" encoding="UTF-8"?>
<testng-results ignored="1" total="3" passed="2" failed="0" skipped="0">
  <reporter-output>
  </reporter-output>
  <suite started-at="2025-04-19T23:40:32 IST" name="Suite" finished-at="2025-04-19T23:40:32 IST" duration-ms="122">
    <groups>
    </groups>
    <test started-at="2025-04-19T23:40:32 IST" name="Test" finished-at="2025-04-19T23:40:32 IST" duration-ms="122">
      <class name="test.first_test_case">
        <test-method signature="failed_login()[pri:0, instance:test.first_test_case@79e2c065]" started-at="2025-04-19T23:40:32 IST" name="failed_login" finished-at="2025-04-19T23:40:32 IST" duration-ms="25" status="PASS">
          <reporter-output>
          </reporter-output>
        </test-method> <!-- failed_login -->
        <test-method signature="logout()[pri:0, instance:test.first_test_case@79e2c065]" started-at="2025-04-19T23:40:32 IST" name="logout" finished-at="2025-04-19T23:40:32 IST" duration-ms="13" status="PASS">
          <reporter-output>
          </reporter-output>
        </test-method> <!-- logout -->
      </class> <!-- test.first_test_case -->
    </test> <!-- Test -->
  </suite> <!-- Suite -->
</testng-results>
