<?xml version="1.0" encoding="UTF-8"?>
<!-- Generated by org.testng.reporters.JUnitXMLReporter -->
<testsuite ignored="0" hostname="DESKTOP-5H9JFBR" failures="1" tests="2" name="Test" time="8.641" errors="0" timestamp="2025-05-11T22:54:45 IST">
  <testcase classname="puransinh.Test.LoginTest" name="inValidUser" time="0.442"/>
  <testcase classname="puransinh.Test.LoginTest" name="validUser" time="0.677">
    <failure type="java.lang.AssertionError" message="expected [Hello World] but found [Let&amp;apos;s Shop]">
      <![CDATA[java.lang.AssertionError: expected [Hello World] but found [Let's Shop]
at puransinh.Test.LoginTest.validUser(LoginTest.java:23)
at java.base/java.util.ArrayList.forEach(ArrayList.java:1596)
at java.base/java.util.concurrent.FutureTask.run(FutureTask.java:317)
at java.base/java.util.concurrent.ThreadPoolExecutor.runWorker(ThreadPoolExecutor.java:1144)
at java.base/java.util.concurrent.ThreadPoolExecutor$Worker.run(ThreadPoolExecutor.java:642)
at java.base/java.lang.Thread.run(Thread.java:1583)
... Removed 21 stack frames]]>
    </failure>
  </testcase> <!-- validUser -->
</testsuite> <!-- Test -->
