<?xml version="1.0" encoding="UTF-8"?>
<!-- Generated by org.testng.reporters.JUnitXMLReporter -->
<testsuite ignored="0" hostname="DESKTOP-5H9JFBR" failures="0" tests="3" name="Test" time="27.634" errors="0" timestamp="2025-05-31T14:24:56 IST">
  <testcase classname="puransinh.main.Main" name="cartdetails" time="2.083"/>
  <testcase classname="puransinh.main.Main" name="checkouttest" time="5.909"/>
  <testcase classname="puransinh.main.Main" name="loginTest" time="0.973"/>
</testsuite> <!-- Test -->
