<?xml version="1.0" encoding="UTF-8"?>
<!-- Generated by org.testng.reporters.JUnitXMLReporter -->
<testsuite ignored="1" hostname="DESKTOP-5H9JFBR" failures="0" tests="2" name="Test" time="0.122" errors="0" timestamp="2025-04-19T23:40:32 IST">
  <testcase classname="test.first_test_case" name="failed_login" time="0.025"/>
  <testcase classname="test.first_test_case" name="logout" time="0.013"/>
  <testcase classname="test.first_test_case" name="login" time="0.0">
    <ignored/>
  </testcase> <!-- login -->
</testsuite> <!-- Test -->
